#
# A fatal error has been detected by the Java Runtime Environment:
#
#  SIGSEGV (0xb) at pc=0x00007f70a6606799, pid=26930, tid=140121827538688
#
# JRE version: OpenJDK Runtime Environment (7.0_75-b13) (build 1.7.0_75-b13)
# Java VM: OpenJDK 64-Bit Server VM (24.75-b04 mixed mode linux-amd64 compressed oops)
# Derivative: IcedTea 2.5.4
# Distribution: Ubuntu 14.04 LTS, package 7u75-2.5.4-1~trusty1
# Problematic frame:
# V  [libjvm.so+0x5f9799]  jni_GetObjectClass+0x69
#
# Failed to write core dump. Core dumps have been disabled. To enable core dumping, try "ulimit -c unlimited" before starting Java again
#
# If you would like to submit a bug report, please include
# instructions on how to reproduce the bug and visit:
#   http://icedtea.classpath.org/bugzilla
#

---------------  T H R E A D  ---------------

Current thread (0x00007f70a000a000):  JavaThread "main" [_thread_in_vm, id=26931, stack(0x00007f70a7b17000,0x00007f70a7c18000)]

siginfo:si_signo=SIGSEGV: si_errno=0, si_code=1 (SEGV_MAPERR), si_addr=0x0000000000000000

Registers:
RAX=0x0000000000000000, RBX=0x00007f70a000a000, RCX=0x0000000000000000, RDX=0x00007f70a6deb5c3
RSP=0x00007f70a7c16860, RBP=0x00007f70a7c168a0, RSI=0x0000000000000000, RDI=0x00007f70a000a000
R8 =0x00007f70a7c17700, R9 =0x00007f70a7c17700, R10=0x00007f70a7c16690, R11=0x00007f7096ef8a6a
R12=0x00007f70a000a1d8, R13=0x0000000000000000, R14=0x00007f70a7c16998, R15=0x00007f70a000a000
RIP=0x00007f70a6606799, EFLAGS=0x0000000000010246, CSGSFS=0x0000000000000033, ERR=0x0000000000000004
  TRAPNO=0x000000000000000e

Top of Stack: (sp=0x00007f70a7c16860)
0x00007f70a7c16860:   00007f70a000a000 0000000000000000
0x00007f70a7c16870:   0000000000000000 00007f70a7a34515
0x00007f70a7c16880:   00007f70a000a1d8 000000077daa9420
0x00007f70a7c16890:   0000000000000000 000000077daa9420
0x00007f70a7c168a0:   00007f70a7c168c0 00007f7096ef8a98
0x00007f70a7c168b0:   0000000000000000 00007f70a000a1d8
0x00007f70a7c168c0:   00007f70a7c16910 00007f7096ef86ce
0x00007f70a7c168d0:   00007f70a7c16990 00007f70a7c16998
0x00007f70a7c168e0:   00007f70a7c16980 00007f70a000a1d8
0x00007f70a7c168f0:   00007f70a01ad340 00007f70a7c16998
0x00007f70a7c16900:   00007f70a7c16970 00007f709d01268d
0x00007f70a7c16910:   00007f70a7c16970 00007f709d0127f8
0x00007f70a7c16920:   00007f70fffffffe 0000000000000000
0x00007f70a7c16930:   00007f70a7c16930 000000077daa9420
0x00007f70a7c16940:   00007f70a7c16998 000000077daac550
0x00007f70a7c16950:   0000000000000000 000000077daa9420
0x00007f70a7c16960:   0000000000000000 00007f70a7c16990
0x00007f70a7c16970:   00007f70a7c169e0 00007f709d006058
0x00007f70a7c16980:   00000007d7f4fc88 00007f709d00ecd8
0x00007f70a7c16990:   00000007d80a13d8 00000007d809ced0
0x00007f70a7c169a0:   00007f70a7c169a0 000000077daa9721
0x00007f70a7c169b0:   00007f70a7c16a08 000000077daac550
0x00007f70a7c169c0:   0000000000000000 000000077daa9760
0x00007f70a7c169d0:   00007f70a7c16990 00007f70a7c16a08
0x00007f70a7c169e0:   00007f70a7c16a70 00007f709d0004e7
0x00007f70a7c169f0:   00000007d809ced0 00000007d8049768
0x00007f70a7c16a00:   00000007d80490e8 00000007d7f543e8
0x00007f70a7c16a10:   00007f7000001fa0 00007f70a7c16ab0
0x00007f70a7c16a20:   00007f70a7c16cf0 00007f70a7c16c30
0x00007f70a7c16a30:   00007f70a000a000 00007f70a000a980
0x00007f70a7c16a40:   00007f70a7c16af0 00007f70a7c16cf8
0x00007f70a7c16a50:   00007f700000000a 000000077daa9760 

Instructions: (pc=0x00007f70a6606799)
0x00007f70a6606779:   08 00 48 89 5d c0 48 c7 45 c8 00 00 00 00 74 09
0x00007f70a6606789:   48 8d 7d c0 e8 ee 0c 22 00 48 8d 15 2a 4e 7e 00
0x00007f70a6606799:   49 8b 45 00 80 3a 00 74 56 48 8d 15 77 8c 7c 00
0x00007f70a66067a9:   8b 40 08 8b 4a 08 48 d3 e0 48 03 02 48 8b 70 78 

Register to memory mapping:

RAX=0x0000000000000000 is an unknown value
RBX=0x00007f70a000a000 is a thread
RCX=0x0000000000000000 is an unknown value
RDX=0x00007f70a6deb5c3: <offset 0xdde5c3> in /usr/lib/jvm/java-7-openjdk-amd64/jre/lib/amd64/server/libjvm.so at 0x00007f70a600d000
RSP=0x00007f70a7c16860 is pointing into the stack for thread: 0x00007f70a000a000
RBP=0x00007f70a7c168a0 is pointing into the stack for thread: 0x00007f70a000a000
RSI=0x0000000000000000 is an unknown value
RDI=0x00007f70a000a000 is a thread
R8 =0x00007f70a7c17700 is pointing into the stack for thread: 0x00007f70a000a000
R9 =0x00007f70a7c17700 is pointing into the stack for thread: 0x00007f70a000a000
R10=0x00007f70a7c16690 is pointing into the stack for thread: 0x00007f70a000a000
R11=0x00007f7096ef8a6a: _ZN7JNIEnv_14GetObjectClassEP8_jobject+0 in /home/ivan/Dev/java/workspace/TiwoRpiServer/src/cimgs/libSenderImpl.so at 0x00007f7096ef6000
R12=0x00007f70a000a1d8 is an unknown value
R13=0x0000000000000000 is an unknown value
R14=0x00007f70a7c16998 is pointing into the stack for thread: 0x00007f70a000a000
R15=0x00007f70a000a000 is a thread


Stack: [0x00007f70a7b17000,0x00007f70a7c18000],  sp=0x00007f70a7c16860,  free space=1022k
Native frames: (J=compiled Java code, j=interpreted, Vv=VM code, C=native code)
V  [libjvm.so+0x5f9799]  jni_GetObjectClass+0x69
C  [libSenderImpl.so+0x2a98]  JNIEnv_::GetObjectClass(_jobject*)+0x2e
C  [libSenderImpl.so+0x26ce]  Java_RpiServerMain_sendImageForProcessing+0xe8
j  RpiServerMain.sendImageForProcessing([BLjava/lang/String;)V+0
j  RpiServerMain.main([Ljava/lang/String;)V+89
v  ~StubRoutines::call_stub
V  [libjvm.so+0x5e7fc9]  JavaCalls::call_helper(JavaValue*, methodHandle*, JavaCallArguments*, Thread*)+0x339
V  [libjvm.so+0x5e7a68]  JavaCalls::call(JavaValue*, methodHandle, JavaCallArguments*, Thread*)+0x28
V  [libjvm.so+0x5f6b9b]  jni_invoke_static(JNIEnv_*, JavaValue*, _jobject*, JNICallType, _jmethodID*, JNI_ArgumentPusher*, Thread*) [clone .isra.124] [clone .constprop.156]+0x28b
V  [libjvm.so+0x607e08]  jni_CallStaticVoidMethod+0x118
C  [libjli.so+0x31f9]

Java frames: (J=compiled Java code, j=interpreted, Vv=VM code)
j  RpiServerMain.sendImageForProcessing([BLjava/lang/String;)V+0
j  RpiServerMain.main([Ljava/lang/String;)V+89
v  ~StubRoutines::call_stub

---------------  P R O C E S S  ---------------

Java Threads: ( => current thread )
  0x00007f70a017f000 JavaThread "Java2D Disposer" daemon [_thread_blocked, id=26942, stack(0x00007f70940b4000,0x00007f70941b5000)]
  0x00007f70a00aa800 JavaThread "Service Thread" daemon [_thread_blocked, id=26940, stack(0x00007f70971fc000,0x00007f70972fd000)]
  0x00007f70a00a8800 JavaThread "C2 CompilerThread1" daemon [_thread_blocked, id=26939, stack(0x00007f70972fd000,0x00007f70973fe000)]
  0x00007f70a00a5800 JavaThread "C2 CompilerThread0" daemon [_thread_blocked, id=26938, stack(0x00007f70973fe000,0x00007f70974ff000)]
  0x00007f70a00a3000 JavaThread "Signal Dispatcher" daemon [_thread_blocked, id=26937, stack(0x00007f70974ff000,0x00007f7097600000)]
  0x00007f70a0077000 JavaThread "Finalizer" daemon [_thread_blocked, id=26936, stack(0x00007f70979fa000,0x00007f7097afb000)]
  0x00007f70a0075000 JavaThread "Reference Handler" daemon [_thread_blocked, id=26935, stack(0x00007f7097afb000,0x00007f7097bfc000)]
=>0x00007f70a000a000 JavaThread "main" [_thread_in_vm, id=26931, stack(0x00007f70a7b17000,0x00007f70a7c18000)]

Other Threads:
  0x00007f70a0071000 VMThread [stack: 0x00007f7097bfc000,0x00007f7097cfd000] [id=26934]
  0x00007f70a00b5800 WatcherThread [stack: 0x00007f70970fb000,0x00007f70971fc000] [id=26941]

VM state:not at safepoint (normal execution)

VM Mutex/Monitor currently owned by a thread: None

Heap
 PSYoungGen      total 35840K, used 1843K [0x00000007d7f00000, 0x00000007da700000, 0x0000000800000000)
  eden space 30720K, 6% used [0x00000007d7f00000,0x00000007d80cce18,0x00000007d9d00000)
  from space 5120K, 0% used [0x00000007da200000,0x00000007da200000,0x00000007da700000)
  to   space 5120K, 0% used [0x00000007d9d00000,0x00000007d9d00000,0x00000007da200000)
 ParOldGen       total 81920K, used 0K [0x0000000787e00000, 0x000000078ce00000, 0x00000007d7f00000)
  object space 81920K, 0% used [0x0000000787e00000,0x0000000787e00000,0x000000078ce00000)
 PSPermGen       total 21504K, used 5285K [0x000000077d800000, 0x000000077ed00000, 0x0000000787e00000)
  object space 21504K, 24% used [0x000000077d800000,0x000000077dd29480,0x000000077ed00000)

Card table byte_map: [0x00007f70a434b000,0x00007f70a4760000] byte_map_base: 0x00007f70a075f000

Polling page: 0x00007f70a7c3d000

Code Cache  [0x00007f709d000000, 0x00007f709d270000, 0x00007f70a0000000)
 total_blobs=255 nmethods=4 adapters=206 free_code_cache=48724Kb largest_free_block=49887680

Compilation events (8 events):
Event: 0,111 Thread 0x00007f70a00a5800    1             java.lang.String::indexOf (70 bytes)
Event: 0,112 Thread 0x00007f70a00a8800    2             sun.nio.cs.UTF_8$Encoder::encode (361 bytes)
Event: 0,118 Thread 0x00007f70a00a5800 nmethod 1 0x00007f709d061910 code [0x00007f709d061a60, 0x00007f709d061c08]
Event: 0,122 Thread 0x00007f70a00a8800 nmethod 2 0x00007f709d060f50 code [0x00007f709d0610c0, 0x00007f709d0615e8]
Event: 0,149 Thread 0x00007f70a00a5800    3             java.lang.String::hashCode (55 bytes)
Event: 0,151 Thread 0x00007f70a00a5800 nmethod 3 0x00007f709d063510 code [0x00007f709d063660, 0x00007f709d0637d8]
Event: 0,161 Thread 0x00007f70a00a8800    4             java.util.Properties$LineReader::readLine (452 bytes)
Event: 0,173 Thread 0x00007f70a00a8800 nmethod 4 0x00007f709d06b690 code [0x00007f709d06b820, 0x00007f709d06c038]

GC Heap History (0 events):
No events

Deoptimization events (0 events):
No events

Internal exceptions (10 events):
Event: 0,073 Thread 0x00007f70a000a000 Threw 0x00000007d7f43898 at /build/buildd/openjdk-7-7u75-2.5.4/build/openjdk/hotspot/src/share/vm/prims/jvm.cpp:1284
Event: 0,075 Thread 0x00007f70a000a000 Threw 0x00000007d7f4af48 at /build/buildd/openjdk-7-7u75-2.5.4/build/openjdk/hotspot/src/share/vm/prims/jvm.cpp:1284
Event: 0,080 Thread 0x00007f70a000a000 Threw 0x00000007d7f51780 at /build/buildd/openjdk-7-7u75-2.5.4/build/openjdk/hotspot/src/share/vm/prims/jvm.cpp:1284
Event: 0,099 Thread 0x00007f70a000a000 Threw 0x00000007d7f60ee0 at /build/buildd/openjdk-7-7u75-2.5.4/build/openjdk/hotspot/src/share/vm/prims/jni.cpp:721
Event: 0,110 Thread 0x00007f70a000a000 Threw 0x00000007d7f7d818 at /build/buildd/openjdk-7-7u75-2.5.4/build/openjdk/hotspot/src/share/vm/prims/jvm.cpp:1284
Event: 0,110 Thread 0x00007f70a000a000 Threw 0x00000007d7f7d940 at /build/buildd/openjdk-7-7u75-2.5.4/build/openjdk/hotspot/src/share/vm/prims/jvm.cpp:1284
Event: 0,111 Thread 0x00007f70a000a000 Threw 0x00000007d7f7fef0 at /build/buildd/openjdk-7-7u75-2.5.4/build/openjdk/hotspot/src/share/vm/prims/jvm.cpp:1284
Event: 0,111 Thread 0x00007f70a000a000 Threw 0x00000007d7f80018 at /build/buildd/openjdk-7-7u75-2.5.4/build/openjdk/hotspot/src/share/vm/prims/jvm.cpp:1284
Event: 0,111 Thread 0x00007f70a000a000 Threw 0x00000007d7f80a98 at /build/buildd/openjdk-7-7u75-2.5.4/build/openjdk/hotspot/src/share/vm/prims/jvm.cpp:1284
Event: 0,111 Thread 0x00007f70a000a000 Threw 0x00000007d7f80bc0 at /build/buildd/openjdk-7-7u75-2.5.4/build/openjdk/hotspot/src/share/vm/prims/jvm.cpp:1284

Events (10 events):
Event: 0,186 loading class 0x00007f706c07fd70
Event: 0,186 loading class 0x00007f706c07fd70 done
Event: 0,186 loading class 0x00007f706c011790
Event: 0,186 loading class 0x00007f706c011790 done
Event: 0,186 loading class 0x00007f706c0802b0
Event: 0,186 loading class 0x00007f706c0802b0 done
Event: 0,186 loading class 0x00007f706c07f840
Event: 0,186 loading class 0x00007f706c07f840 done
Event: 0,186 loading class 0x00007f706c07f980
Event: 0,186 loading class 0x00007f706c07f980 done


Dynamic libraries:
00400000-00401000 r-xp 00000000 08:03 1319753                            /usr/lib/jvm/java-7-openjdk-amd64/jre/bin/java
00600000-00601000 r--p 00000000 08:03 1319753                            /usr/lib/jvm/java-7-openjdk-amd64/jre/bin/java
00601000-00602000 rw-p 00001000 08:03 1319753                            /usr/lib/jvm/java-7-openjdk-amd64/jre/bin/java
025af000-025d0000 rw-p 00000000 00:00 0                                  [heap]
77d800000-77ed00000 rw-p 00000000 00:00 0 
77ed00000-787e00000 rw-p 00000000 00:00 0 
787e00000-78ce00000 rw-p 00000000 00:00 0 
78ce00000-7d7f00000 rw-p 00000000 00:00 0 
7d7f00000-7da700000 rw-p 00000000 00:00 0 
7da700000-800000000 rw-p 00000000 00:00 0 
7f7064000000-7f7064021000 rw-p 00000000 00:00 0 
7f7064021000-7f7068000000 ---p 00000000 00:00 0 
7f7068000000-7f7068021000 rw-p 00000000 00:00 0 
7f7068021000-7f706c000000 ---p 00000000 00:00 0 
7f706c000000-7f706c0c4000 rw-p 00000000 00:00 0 
7f706c0c4000-7f7070000000 ---p 00000000 00:00 0 
7f7070000000-7f7070021000 rw-p 00000000 00:00 0 
7f7070021000-7f7074000000 ---p 00000000 00:00 0 
7f7074000000-7f7074021000 rw-p 00000000 00:00 0 
7f7074021000-7f7078000000 ---p 00000000 00:00 0 
7f7078000000-7f7078097000 rw-p 00000000 00:00 0 
7f7078097000-7f707c000000 ---p 00000000 00:00 0 
7f707c000000-7f707c021000 rw-p 00000000 00:00 0 
7f707c021000-7f7080000000 ---p 00000000 00:00 0 
7f7080000000-7f7080021000 rw-p 00000000 00:00 0 
7f7080021000-7f7084000000 ---p 00000000 00:00 0 
7f7084000000-7f7084021000 rw-p 00000000 00:00 0 
7f7084021000-7f7088000000 ---p 00000000 00:00 0 
7f7088a10000-7f7088c4a000 rw-p 00000000 00:00 0 
7f7088c4a000-7f7088c61000 r-xp 00000000 08:03 1319720                    /usr/lib/jvm/java-7-openjdk-amd64/jre/lib/amd64/libnet.so
7f7088c61000-7f7088e60000 ---p 00017000 08:03 1319720                    /usr/lib/jvm/java-7-openjdk-amd64/jre/lib/amd64/libnet.so
7f7088e60000-7f7088e61000 r--p 00016000 08:03 1319720                    /usr/lib/jvm/java-7-openjdk-amd64/jre/lib/amd64/libnet.so
7f7088e61000-7f7088e62000 rw-p 00017000 08:03 1319720                    /usr/lib/jvm/java-7-openjdk-amd64/jre/lib/amd64/libnet.so
7f7088e62000-7f7088e72000 r-xp 00000000 08:03 1319716                    /usr/lib/jvm/java-7-openjdk-amd64/jre/lib/amd64/libnio.so
7f7088e72000-7f7089072000 ---p 00010000 08:03 1319716                    /usr/lib/jvm/java-7-openjdk-amd64/jre/lib/amd64/libnio.so
7f7089072000-7f7089073000 r--p 00010000 08:03 1319716                    /usr/lib/jvm/java-7-openjdk-amd64/jre/lib/amd64/libnio.so
7f7089073000-7f7089074000 rw-p 00011000 08:03 1319716                    /usr/lib/jvm/java-7-openjdk-amd64/jre/lib/amd64/libnio.so
7f7089074000-7f70890b7000 r-xp 00000000 08:03 1316690                    /usr/lib/x86_64-linux-gnu/libjpeg.so.8.0.2
7f70890b7000-7f70892b7000 ---p 00043000 08:03 1316690                    /usr/lib/x86_64-linux-gnu/libjpeg.so.8.0.2
7f70892b7000-7f70892b8000 r--p 00043000 08:03 1316690                    /usr/lib/x86_64-linux-gnu/libjpeg.so.8.0.2
7f70892b8000-7f70892b9000 rw-p 00044000 08:03 1316690                    /usr/lib/x86_64-linux-gnu/libjpeg.so.8.0.2
7f70892b9000-7f70892c9000 rw-p 00000000 00:00 0 
7f70892c9000-7f70892d3000 r-xp 00000000 08:03 1319727                    /usr/lib/jvm/java-7-openjdk-amd64/jre/lib/amd64/libjavajpeg.so
7f70892d3000-7f70894d2000 ---p 0000a000 08:03 1319727                    /usr/lib/jvm/java-7-openjdk-amd64/jre/lib/amd64/libjavajpeg.so
7f70894d2000-7f70894d3000 r--p 00009000 08:03 1319727                    /usr/lib/jvm/java-7-openjdk-amd64/jre/lib/amd64/libjavajpeg.so
7f70894d3000-7f70894d4000 rw-p 0000a000 08:03 1319727                    /usr/lib/jvm/java-7-openjdk-amd64/jre/lib/amd64/libjavajpeg.so
7f70894d4000-7f70894d8000 r-xp 00000000 08:03 1050799                    /lib/x86_64-linux-gnu/libgpg-error.so.0.10.0
7f70894d8000-7f70896d7000 ---p 00004000 08:03 1050799                    /lib/x86_64-linux-gnu/libgpg-error.so.0.10.0
7f70896d7000-7f70896d8000 r--p 00003000 08:03 1050799                    /lib/x86_64-linux-gnu/libgpg-error.so.0.10.0
7f70896d8000-7f70896d9000 rw-p 00004000 08:03 1050799                    /lib/x86_64-linux-gnu/libgpg-error.so.0.10.0
7f70896d9000-7f70896db000 r-xp 00000000 08:03 1050809                    /lib/x86_64-linux-gnu/libkeyutils.so.1.4
7f70896db000-7f70898db000 ---p 00002000 08:03 1050809                    /lib/x86_64-linux-gnu/libkeyutils.so.1.4
7f70898db000-7f70898dc000 r--p 00002000 08:03 1050809                    /lib/x86_64-linux-gnu/libkeyutils.so.1.4
7f70898dc000-7f70898dd000 rw-p 00003000 08:03 1050809                    /lib/x86_64-linux-gnu/libkeyutils.so.1.4
7f70898dd000-7f708991a000 r-xp 00000000 08:03 1050870                    /lib/x86_64-linux-gnu/libpcre.so.3.13.1
7f708991a000-7f7089b19000 ---p 0003d000 08:03 1050870                    /lib/x86_64-linux-gnu/libpcre.so.3.13.1
7f7089b19000-7f7089b1a000 r--p 0003c000 08:03 1050870                    /lib/x86_64-linux-gnu/libpcre.so.3.13.1
7f7089b1a000-7f7089b1b000 rw-p 0003d000 08:03 1050870                    /lib/x86_64-linux-gnu/libpcre.so.3.13.1
7f7089b1b000-7f7089b40000 r-xp 00000000 08:03 1050882                    /lib/x86_64-linux-gnu/libpng12.so.0.50.0
7f7089b40000-7f7089d3f000 ---p 00025000 08:03 1050882                    /lib/x86_64-linux-gnu/libpng12.so.0.50.0
7f7089d3f000-7f7089d40000 r--p 00024000 08:03 1050882                    /lib/x86_64-linux-gnu/libpng12.so.0.50.0
7f7089d40000-7f7089d41000 rw-p 00025000 08:03 1050882                    /lib/x86_64-linux-gnu/libpng12.so.0.50.0
7f7089d41000-7f7089d85000 r-xp 00000000 08:03 1047756                    /lib/x86_64-linux-gnu/libdbus-1.so.3.7.6
7f7089d85000-7f7089f84000 ---p 00044000 08:03 1047756                    /lib/x86_64-linux-gnu/libdbus-1.so.3.7.6
7f7089f84000-7f7089f85000 r--p 00043000 08:03 1047756                    /lib/x86_64-linux-gnu/libdbus-1.so.3.7.6
7f7089f85000-7f7089f86000 rw-p 00044000 08:03 1047756                    /lib/x86_64-linux-gnu/libdbus-1.so.3.7.6
7f7089f86000-7f7089fc1000 r-xp 00000000 08:03 1316859                    /usr/lib/x86_64-linux-gnu/libp11-kit.so.0.0.0
7f7089fc1000-7f708a1c0000 ---p 0003b000 08:03 1316859                    /usr/lib/x86_64-linux-gnu/libp11-kit.so.0.0.0
7f708a1c0000-7f708a1c6000 r--p 0003a000 08:03 1316859                    /usr/lib/x86_64-linux-gnu/libp11-kit.so.0.0.0
7f708a1c6000-7f708a1c8000 rw-p 00040000 08:03 1316859                    /usr/lib/x86_64-linux-gnu/libp11-kit.so.0.0.0
7f708a1c8000-7f708a1da000 r-xp 00000000 08:03 1309085                    /usr/lib/x86_64-linux-gnu/libtasn1.so.6.2.0
7f708a1da000-7f708a3da000 ---p 00012000 08:03 1309085                    /usr/lib/x86_64-linux-gnu/libtasn1.so.6.2.0
7f708a3da000-7f708a3db000 r--p 00012000 08:03 1309085                    /usr/lib/x86_64-linux-gnu/libtasn1.so.6.2.0
7f708a3db000-7f708a3dc000 rw-p 00013000 08:03 1309085                    /usr/lib/x86_64-linux-gnu/libtasn1.so.6.2.0
7f708a3dc000-7f708a458000 r-xp 00000000 08:03 1050400                    /lib/x86_64-linux-gnu/libgcrypt.so.11.8.2
7f708a458000-7f708a657000 ---p 0007c000 08:03 1050400                    /lib/x86_64-linux-gnu/libgcrypt.so.11.8.2
7f708a657000-7f708a658000 r--p 0007b000 08:03 1050400                    /lib/x86_64-linux-gnu/libgcrypt.so.11.8.2
7f708a658000-7f708a65b000 rw-p 0007c000 08:03 1050400                    /lib/x86_64-linux-gnu/libgcrypt.so.11.8.2
7f708a65b000-7f708a665000 r-xp 00000000 08:03 1319243                    /usr/lib/x86_64-linux-gnu/libkrb5support.so.0.1
7f708a665000-7f708a864000 ---p 0000a000 08:03 1319243                    /usr/lib/x86_64-linux-gnu/libkrb5support.so.0.1
7f708a864000-7f708a865000 r--p 00009000 08:03 1319243                    /usr/lib/x86_64-linux-gnu/libkrb5support.so.0.1
7f708a865000-7f708a866000 rw-p 0000a000 08:03 1319243                    /usr/lib/x86_64-linux-gnu/libkrb5support.so.0.1
7f708a866000-7f708a869000 r-xp 00000000 08:03 1050389                    /lib/x86_64-linux-gnu/libcom_err.so.2.1
7f708a869000-7f708aa68000 ---p 00003000 08:03 1050389                    /lib/x86_64-linux-gnu/libcom_err.so.2.1
7f708aa68000-7f708aa69000 r--p 00002000 08:03 1050389                    /lib/x86_64-linux-gnu/libcom_err.so.2.1
7f708aa69000-7f708aa6a000 rw-p 00003000 08:03 1050389                    /lib/x86_64-linux-gnu/libcom_err.so.2.1
7f708aa6a000-7f708aa96000 r-xp 00000000 08:03 1311501                    /usr/lib/x86_64-linux-gnu/libk5crypto.so.3.1
7f708aa96000-7f708ac95000 ---p 0002c000 08:03 1311501                    /usr/lib/x86_64-linux-gnu/libk5crypto.so.3.1
7f708ac95000-7f708ac97000 r--p 0002b000 08:03 1311501                    /usr/lib/x86_64-linux-gnu/libk5crypto.so.3.1
7f708ac97000-7f708ac98000 rw-p 0002d000 08:03 1311501                    /usr/lib/x86_64-linux-gnu/libk5crypto.so.3.1
7f708ac98000-7f708ac99000 rw-p 00000000 00:00 0 
7f708ac99000-7f708ad55000 r-xp 00000000 08:03 1319232                    /usr/lib/x86_64-linux-gnu/libkrb5.so.3.3
7f708ad55000-7f708af55000 ---p 000bc000 08:03 1319232                    /usr/lib/x86_64-linux-gnu/libkrb5.so.3.3
7f708af55000-7f708af62000 r--p 000bc000 08:03 1319232                    /usr/lib/x86_64-linux-gnu/libkrb5.so.3.3
7f708af62000-7f708af64000 rw-p 000c9000 08:03 1319232                    /usr/lib/x86_64-linux-gnu/libkrb5.so.3.3
7f708af64000-7f708af69000 r-xp 00000000 08:03 1316019                    /usr/lib/x86_64-linux-gnu/libXdmcp.so.6.0.0
7f708af69000-7f708b168000 ---p 00005000 08:03 1316019                    /usr/lib/x86_64-linux-gnu/libXdmcp.so.6.0.0
7f708b168000-7f708b169000 r--p 00004000 08:03 1316019                    /usr/lib/x86_64-linux-gnu/libXdmcp.so.6.0.0
7f708b169000-7f708b16a000 rw-p 00005000 08:03 1316019                    /usr/lib/x86_64-linux-gnu/libXdmcp.so.6.0.0
7f708b16a000-7f708b16c000 r-xp 00000000 08:03 1316008                    /usr/lib/x86_64-linux-gnu/libXau.so.6.0.0
7f708b16c000-7f708b36c000 ---p 00002000 08:03 1316008                    /usr/lib/x86_64-linux-gnu/libXau.so.6.0.0
7f708b36c000-7f708b36d000 r--p 00002000 08:03 1316008                    /usr/lib/x86_64-linux-gnu/libXau.so.6.0.0
7f708b36d000-7f708b36e000 rw-p 00003000 08:03 1316008                    /usr/lib/x86_64-linux-gnu/libXau.so.6.0.0
7f708b36e000-7f708b375000 r-xp 00000000 08:03 1316321                    /usr/lib/x86_64-linux-gnu/libffi.so.6.0.1
7f708b375000-7f708b574000 ---p 00007000 08:03 1316321                    /usr/lib/x86_64-linux-gnu/libffi.so.6.0.1
7f708b574000-7f708b575000 r--p 00006000 08:03 1316321                    /usr/lib/x86_64-linux-gnu/libffi.so.6.0.1
7f708b575000-7f708b576000 rw-p 00007000 08:03 1316321                    /usr/lib/x86_64-linux-gnu/libffi.so.6.0.1
7f708b576000-7f708b58d000 r-xp 00000000 08:03 1047934                    /lib/x86_64-linux-gnu/libresolv-2.19.so
7f708b58d000-7f708b78d000 ---p 00017000 08:03 1047934                    /lib/x86_64-linux-gnu/libresolv-2.19.so
7f708b78d000-7f708b78e000 r--p 00017000 08:03 1047934                    /lib/x86_64-linux-gnu/libresolv-2.19.so
7f708b78e000-7f708b78f000 rw-p 00018000 08:03 1047934                    /lib/x86_64-linux-gnu/libresolv-2.19.so
7f708b78f000-7f708b791000 rw-p 00000000 00:00 0 
7f708b791000-7f708b7b1000 r-xp 00000000 08:03 1053390                    /lib/x86_64-linux-gnu/libselinux.so.1
7f708b7b1000-7f708b9b0000 ---p 00020000 08:03 1053390                    /lib/x86_64-linux-gnu/libselinux.so.1
7f708b9b0000-7f708b9b1000 r--p 0001f000 08:03 1053390                    /lib/x86_64-linux-gnu/libselinux.so.1
7f708b9b1000-7f708b9b2000 rw-p 00020000 08:03 1053390                    /lib/x86_64-linux-gnu/libselinux.so.1
7f708b9b2000-7f708b9b4000 rw-p 00000000 00:00 0 
7f708b9b4000-7f708baba000 r-xp 00000000 08:03 1050427                    /lib/x86_64-linux-gnu/libglib-2.0.so.0.4002.0
7f708baba000-7f708bcb9000 ---p 00106000 08:03 1050427                    /lib/x86_64-linux-gnu/libglib-2.0.so.0.4002.0
7f708bcb9000-7f708bcba000 r--p 00105000 08:03 1050427                    /lib/x86_64-linux-gnu/libglib-2.0.so.0.4002.0
7f708bcba000-7f708bcbb000 rw-p 00106000 08:03 1050427                    /lib/x86_64-linux-gnu/libglib-2.0.so.0.4002.0
7f708bcbb000-7f708bcbc000 rw-p 00000000 00:00 0 
7f708bcbc000-7f708bcbf000 r-xp 00000000 08:03 1310144                    /usr/lib/x86_64-linux-gnu/libgmodule-2.0.so.0.4002.0
7f708bcbf000-7f708bebe000 ---p 00003000 08:03 1310144                    /usr/lib/x86_64-linux-gnu/libgmodule-2.0.so.0.4002.0
7f708bebe000-7f708bebf000 r--p 00002000 08:03 1310144                    /usr/lib/x86_64-linux-gnu/libgmodule-2.0.so.0.4002.0
7f708bebf000-7f708bec0000 rw-p 00003000 08:03 1310144                    /usr/lib/x86_64-linux-gnu/libgmodule-2.0.so.0.4002.0
7f708bec0000-7f7090000000 rw-p 00000000 00:00 0 
7f7090000000-7f7090021000 rw-p 00000000 00:00 0 
7f7090021000-7f7094000000 ---p 00000000 00:00 0 
7f70940b4000-7f70940b7000 ---p 00000000 00:00 0 
7f70940b7000-7f70941b5000 rw-p 00000000 00:00 0                          [stack:26942]
7f70941b5000-7f70941dc000 r-xp 00000000 08:03 1050788                    /lib/x86_64-linux-gnu/libexpat.so.1.6.0
7f70941dc000-7f70943dc000 ---p 00027000 08:03 1050788                    /lib/x86_64-linux-gnu/libexpat.so.1.6.0
7f70943dc000-7f70943de000 r--p 00027000 08:03 1050788                    /lib/x86_64-linux-gnu/libexpat.so.1.6.0
7f70943de000-7f70943df000 rw-p 00029000 08:03 1050788                    /lib/x86_64-linux-gnu/libexpat.so.1.6.0
7f70943df000-7f709447c000 r-xp 00000000 08:03 1311707                    /usr/lib/x86_64-linux-gnu/libfreetype.so.6.11.1
7f709447c000-7f709467b000 ---p 0009d000 08:03 1311707                    /usr/lib/x86_64-linux-gnu/libfreetype.so.6.11.1
7f709467b000-7f7094681000 r--p 0009c000 08:03 1311707                    /usr/lib/x86_64-linux-gnu/libfreetype.so.6.11.1
7f7094681000-7f7094682000 rw-p 000a2000 08:03 1311707                    /usr/lib/x86_64-linux-gnu/libfreetype.so.6.11.1
7f7094682000-7f7094691000 r-xp 00000000 08:03 1316114                    /usr/lib/x86_64-linux-gnu/libavahi-client.so.3.2.9
7f7094691000-7f7094891000 ---p 0000f000 08:03 1316114                    /usr/lib/x86_64-linux-gnu/libavahi-client.so.3.2.9
7f7094891000-7f7094892000 r--p 0000f000 08:03 1316114                    /usr/lib/x86_64-linux-gnu/libavahi-client.so.3.2.9
7f7094892000-7f7094893000 rw-p 00010000 08:03 1316114                    /usr/lib/x86_64-linux-gnu/libavahi-client.so.3.2.9
7f7094893000-7f709489e000 r-xp 00000000 08:03 1316116                    /usr/lib/x86_64-linux-gnu/libavahi-common.so.3.5.3
7f709489e000-7f7094a9d000 ---p 0000b000 08:03 1316116                    /usr/lib/x86_64-linux-gnu/libavahi-common.so.3.5.3
7f7094a9d000-7f7094a9e000 r--p 0000a000 08:03 1316116                    /usr/lib/x86_64-linux-gnu/libavahi-common.so.3.5.3
7f7094a9e000-7f7094a9f000 rw-p 0000b000 08:03 1316116                    /usr/lib/x86_64-linux-gnu/libavahi-common.so.3.5.3
7f7094a9f000-7f7094b55000 r-xp 00000000 08:03 1309993                    /usr/lib/x86_64-linux-gnu/libgnutls.so.26.22.6
7f7094b55000-7f7094d55000 ---p 000b6000 08:03 1309993                    /usr/lib/x86_64-linux-gnu/libgnutls.so.26.22.6
7f7094d55000-7f7094d5b000 r--p 000b6000 08:03 1309993                    /usr/lib/x86_64-linux-gnu/libgnutls.so.26.22.6
7f7094d5b000-7f7094d5c000 rw-p 000bc000 08:03 1309993                    /usr/lib/x86_64-linux-gnu/libgnutls.so.26.22.6
7f7094d5c000-7f7094d5d000 rw-p 00000000 00:00 0 
7f7094d5d000-7f7094da0000 r-xp 00000000 08:03 1319132                    /usr/lib/x86_64-linux-gnu/libgssapi_krb5.so.2.2
7f7094da0000-7f7094fa0000 ---p 00043000 08:03 1319132                    /usr/lib/x86_64-linux-gnu/libgssapi_krb5.so.2.2
7f7094fa0000-7f7094fa1000 r--p 00043000 08:03 1319132                    /usr/lib/x86_64-linux-gnu/libgssapi_krb5.so.2.2
7f7094fa1000-7f7094fa3000 rw-p 00044000 08:03 1319132                    /usr/lib/x86_64-linux-gnu/libgssapi_krb5.so.2.2
7f7094fa3000-7f7094fc0000 r-xp 00000000 08:03 1317189                    /usr/lib/x86_64-linux-gnu/libxcb.so.1.1.0
7f7094fc0000-7f70951c0000 ---p 0001d000 08:03 1317189                    /usr/lib/x86_64-linux-gnu/libxcb.so.1.1.0
7f70951c0000-7f70951c1000 r--p 0001d000 08:03 1317189                    /usr/lib/x86_64-linux-gnu/libxcb.so.1.1.0
7f70951c1000-7f70951c2000 rw-p 0001e000 08:03 1317189                    /usr/lib/x86_64-linux-gnu/libxcb.so.1.1.0
7f70951c2000-7f7095211000 r-xp 00000000 08:03 1310145                    /usr/lib/x86_64-linux-gnu/libgobject-2.0.so.0.4002.0
7f7095211000-7f7095411000 ---p 0004f000 08:03 1310145                    /usr/lib/x86_64-linux-gnu/libgobject-2.0.so.0.4002.0
7f7095411000-7f7095412000 r--p 0004f000 08:03 1310145                    /usr/lib/x86_64-linux-gnu/libgobject-2.0.so.0.4002.0
7f7095412000-7f7095413000 rw-p 00050000 08:03 1310145                    /usr/lib/x86_64-linux-gnu/libgobject-2.0.so.0.4002.0
7f7095413000-7f709557f000 r-xp 00000000 08:03 1310148                    /usr/lib/x86_64-linux-gnu/libgio-2.0.so.0.4002.0
7f709557f000-7f709577e000 ---p 0016c000 08:03 1310148                    /usr/lib/x86_64-linux-gnu/libgio-2.0.so.0.4002.0
7f709577e000-7f7095782000 r--p 0016b000 08:03 1310148                    /usr/lib/x86_64-linux-gnu/libgio-2.0.so.0.4002.0
7f7095782000-7f7095784000 rw-p 0016f000 08:03 1310148                    /usr/lib/x86_64-linux-gnu/libgio-2.0.so.0.4002.0
7f7095784000-7f7095786000 rw-p 00000000 00:00 0 
7f7095786000-7f70957c0000 r-xp 00000000 08:03 1310152                    /usr/lib/x86_64-linux-gnu/libfontconfig.so.1.8.0
7f70957c0000-7f70959bf000 ---p 0003a000 08:03 1310152                    /usr/lib/x86_64-linux-gnu/libfontconfig.so.1.8.0
7f70959bf000-7f70959c1000 r--p 00039000 08:03 1310152                    /usr/lib/x86_64-linux-gnu/libfontconfig.so.1.8.0
7f70959c1000-7f70959c2000 rw-p 0003b000 08:03 1310152                    /usr/lib/x86_64-linux-gnu/libfontconfig.so.1.8.0
7f70959c2000-7f7095a2e000 r-xp 00000000 08:03 1316151                    /usr/lib/x86_64-linux-gnu/libcups.so.2
7f7095a2e000-7f7095c2e000 ---p 0006c000 08:03 1316151                    /usr/lib/x86_64-linux-gnu/libcups.so.2
7f7095c2e000-7f7095c35000 r--p 0006c000 08:03 1316151                    /usr/lib/x86_64-linux-gnu/libcups.so.2
7f7095c35000-7f7095c36000 rw-p 00073000 08:03 1316151                    /usr/lib/x86_64-linux-gnu/libcups.so.2
7f7095c36000-7f7095c45000 r-xp 00000000 08:03 1316029                    /usr/lib/x86_64-linux-gnu/libXi.so.6.1.0
7f7095c45000-7f7095e44000 ---p 0000f000 08:03 1316029                    /usr/lib/x86_64-linux-gnu/libXi.so.6.1.0
7f7095e44000-7f7095e45000 r--p 0000e000 08:03 1316029                    /usr/lib/x86_64-linux-gnu/libXi.so.6.1.0
7f7095e45000-7f7095e46000 rw-p 0000f000 08:03 1316029                    /usr/lib/x86_64-linux-gnu/libXi.so.6.1.0
7f7095e46000-7f7095e4b000 r-xp 00000000 08:03 1316047                    /usr/lib/x86_64-linux-gnu/libXtst.so.6.1.0
7f7095e4b000-7f709604a000 ---p 00005000 08:03 1316047                    /usr/lib/x86_64-linux-gnu/libXtst.so.6.1.0
7f709604a000-7f709604b000 r--p 00004000 08:03 1316047                    /usr/lib/x86_64-linux-gnu/libXtst.so.6.1.0
7f709604b000-7f709604c000 rw-p 00005000 08:03 1316047                    /usr/lib/x86_64-linux-gnu/libXtst.so.6.1.0
7f709604c000-7f7096055000 r-xp 00000000 08:03 1316041                    /usr/lib/x86_64-linux-gnu/libXrender.so.1.3.0
7f7096055000-7f7096254000 ---p 00009000 08:03 1316041                    /usr/lib/x86_64-linux-gnu/libXrender.so.1.3.0
7f7096254000-7f7096255000 r--p 00008000 08:03 1316041                    /usr/lib/x86_64-linux-gnu/libXrender.so.1.3.0
7f7096255000-7f7096256000 rw-p 00009000 08:03 1316041                    /usr/lib/x86_64-linux-gnu/libXrender.so.1.3.0
7f7096256000-7f7096386000 r-xp 00000000 08:03 1316004                    /usr/lib/x86_64-linux-gnu/libX11.so.6.3.0
7f7096386000-7f7096586000 ---p 00130000 08:03 1316004                    /usr/lib/x86_64-linux-gnu/libX11.so.6.3.0
7f7096586000-7f7096587000 r--p 00130000 08:03 1316004                    /usr/lib/x86_64-linux-gnu/libX11.so.6.3.0
7f7096587000-7f709658b000 rw-p 00131000 08:03 1316004                    /usr/lib/x86_64-linux-gnu/libX11.so.6.3.0
7f709658b000-7f709659c000 r-xp 00000000 08:03 1316021                    /usr/lib/x86_64-linux-gnu/libXext.so.6.4.0
7f709659c000-7f709679b000 ---p 00011000 08:03 1316021                    /usr/lib/x86_64-linux-gnu/libXext.so.6.4.0
7f709679b000-7f709679c000 r--p 00010000 08:03 1316021                    /usr/lib/x86_64-linux-gnu/libXext.so.6.4.0
7f709679c000-7f709679d000 rw-p 00011000 08:03 1316021                    /usr/lib/x86_64-linux-gnu/libXext.so.6.4.0
7f709679d000-7f70967e5000 r-xp 00000000 08:03 1311931                    /usr/lib/jvm/java-7-openjdk-amd64/jre/lib/amd64/xawt/libmawt.so
7f70967e5000-7f70969e4000 ---p 00048000 08:03 1311931                    /usr/lib/jvm/java-7-openjdk-amd64/jre/lib/amd64/xawt/libmawt.so
7f70969e4000-7f70969e5000 r--p 00047000 08:03 1311931                    /usr/lib/jvm/java-7-openjdk-amd64/jre/lib/amd64/xawt/libmawt.so
7f70969e5000-7f70969e8000 rw-p 00048000 08:03 1311931                    /usr/lib/jvm/java-7-openjdk-amd64/jre/lib/amd64/xawt/libmawt.so
7f70969e8000-7f70969e9000 rw-p 00000000 00:00 0 
7f70969e9000-7f7096a89000 r-xp 00000000 08:03 1319730                    /usr/lib/jvm/java-7-openjdk-amd64/jre/lib/amd64/libawt.so
7f7096a89000-7f7096c89000 ---p 000a0000 08:03 1319730                    /usr/lib/jvm/java-7-openjdk-amd64/jre/lib/amd64/libawt.so
7f7096c89000-7f7096c8a000 r--p 000a0000 08:03 1319730                    /usr/lib/jvm/java-7-openjdk-amd64/jre/lib/amd64/libawt.so
7f7096c8a000-7f7096c95000 rw-p 000a1000 08:03 1319730                    /usr/lib/jvm/java-7-openjdk-amd64/jre/lib/amd64/libawt.so
7f7096c95000-7f7096cba000 rw-p 00000000 00:00 0 
7f7096cba000-7f7096cf5000 r-xp 00000000 08:03 1181053                    /usr/local/lib/libjpeg.so.9.1.0
7f7096cf5000-7f7096ef4000 ---p 0003b000 08:03 1181053                    /usr/local/lib/libjpeg.so.9.1.0
7f7096ef4000-7f7096ef5000 r--p 0003a000 08:03 1181053                    /usr/local/lib/libjpeg.so.9.1.0
7f7096ef5000-7f7096ef6000 rw-p 0003b000 08:03 1181053                    /usr/local/lib/libjpeg.so.9.1.0
7f7096ef6000-7f7096efa000 r-xp 00000000 08:05 1838114                    /home/ivan/Dev/java/workspace/TiwoRpiServer/src/cimgs/libSenderImpl.so
7f7096efa000-7f70970f9000 ---p 00004000 08:05 1838114                    /home/ivan/Dev/java/workspace/TiwoRpiServer/src/cimgs/libSenderImpl.so
7f70970f9000-7f70970fa000 r--p 00003000 08:05 1838114                    /home/ivan/Dev/java/workspace/TiwoRpiServer/src/cimgs/libSenderImpl.so
7f70970fa000-7f70970fb000 rw-p 00004000 08:05 1838114                    /home/ivan/Dev/java/workspace/TiwoRpiServer/src/cimgs/libSenderImpl.so
7f70970fb000-7f70970fc000 ---p 00000000 00:00 0 
7f70970fc000-7f70971fc000 rw-p 00000000 00:00 0                          [stack:26941]
7f70971fc000-7f70971ff000 ---p 00000000 00:00 0 
7f70971ff000-7f70972fd000 rw-p 00000000 00:00 0                          [stack:26940]
7f70972fd000-7f7097300000 ---p 00000000 00:00 0 
7f7097300000-7f70973fe000 rw-p 00000000 00:00 0                          [stack:26939]
7f70973fe000-7f7097401000 ---p 00000000 00:00 0 
7f7097401000-7f70974ff000 rw-p 00000000 00:00 0                          [stack:26938]
7f70974ff000-7f7097502000 ---p 00000000 00:00 0 
7f7097502000-7f7097600000 rw-p 00000000 00:00 0                          [stack:26937]
7f7097600000-7f70979fa000 r--p 00000000 08:03 1181751                    /usr/lib/locale/locale-archive
7f70979fa000-7f70979fd000 ---p 00000000 00:00 0 
7f70979fd000-7f7097afb000 rw-p 00000000 00:00 0                          [stack:26936]
7f7097afb000-7f7097afe000 ---p 00000000 00:00 0 
7f7097afe000-7f7097bfc000 rw-p 00000000 00:00 0                          [stack:26935]
7f7097bfc000-7f7097bfd000 ---p 00000000 00:00 0 
7f7097bfd000-7f7098000000 rw-p 00000000 00:00 0                          [stack:26934]
7f7098000000-7f7098021000 rw-p 00000000 00:00 0 
7f7098021000-7f709c000000 ---p 00000000 00:00 0 
7f709c0a5000-7f709c767000 rw-p 00000000 00:00 0 
7f709c767000-7f709c919000 r--s 01d23000 08:03 1319687                    /usr/lib/jvm/java-7-openjdk-amd64/jre/lib/rt.jar
7f709c919000-7f709cdfe000 rw-p 00000000 00:00 0 
7f709cdfe000-7f709cdff000 ---p 00000000 00:00 0 
7f709cdff000-7f709ceff000 rw-p 00000000 00:00 0                          [stack:26933]
7f709ceff000-7f709cf00000 ---p 00000000 00:00 0 
7f709cf00000-7f709d000000 rw-p 00000000 00:00 0                          [stack:26932]
7f709d000000-7f709d270000 rwxp 00000000 00:00 0 
7f709d270000-7f70a01d2000 rw-p 00000000 00:00 0 
7f70a01d2000-7f70a4000000 ---p 00000000 00:00 0 
7f70a4005000-7f70a4082000 rw-p 00000000 00:00 0 
7f70a4082000-7f70a40ca000 rw-p 00000000 00:00 0 
7f70a40ca000-7f70a40f2000 rw-p 00000000 00:00 0 
7f70a40f2000-7f70a434b000 rw-p 00000000 00:00 0 
7f70a434b000-7f70a4356000 rw-p 00000000 00:00 0 
7f70a4356000-7f70a439e000 rw-p 00000000 00:00 0 
7f70a439e000-7f70a43c6000 rw-p 00000000 00:00 0 
7f70a43c6000-7f70a461e000 rw-p 00000000 00:00 0 
7f70a461e000-7f70a4633000 rw-p 00000000 00:00 0 
7f70a4633000-7f70a475f000 rw-p 00000000 00:00 0 
7f70a475f000-7f70a4760000 rw-p 00000000 00:00 0 
7f70a4760000-7f70a4768000 r-xp 00000000 08:03 1319750                    /usr/lib/jvm/java-7-openjdk-amd64/jre/lib/amd64/libzip.so
7f70a4768000-7f70a4967000 ---p 00008000 08:03 1319750                    /usr/lib/jvm/java-7-openjdk-amd64/jre/lib/amd64/libzip.so
7f70a4967000-7f70a4968000 r--p 00007000 08:03 1319750                    /usr/lib/jvm/java-7-openjdk-amd64/jre/lib/amd64/libzip.so
7f70a4968000-7f70a4969000 rw-p 00008000 08:03 1319750                    /usr/lib/jvm/java-7-openjdk-amd64/jre/lib/amd64/libzip.so
7f70a4969000-7f70a4974000 r-xp 00000000 08:03 1047939                    /lib/x86_64-linux-gnu/libnss_files-2.19.so
7f70a4974000-7f70a4b73000 ---p 0000b000 08:03 1047939                    /lib/x86_64-linux-gnu/libnss_files-2.19.so
7f70a4b73000-7f70a4b74000 r--p 0000a000 08:03 1047939                    /lib/x86_64-linux-gnu/libnss_files-2.19.so
7f70a4b74000-7f70a4b75000 rw-p 0000b000 08:03 1047939                    /lib/x86_64-linux-gnu/libnss_files-2.19.so
7f70a4b75000-7f70a4b80000 r-xp 00000000 08:03 1047963                    /lib/x86_64-linux-gnu/libnss_nis-2.19.so
7f70a4b80000-7f70a4d7f000 ---p 0000b000 08:03 1047963                    /lib/x86_64-linux-gnu/libnss_nis-2.19.so
7f70a4d7f000-7f70a4d80000 r--p 0000a000 08:03 1047963                    /lib/x86_64-linux-gnu/libnss_nis-2.19.so
7f70a4d80000-7f70a4d81000 rw-p 0000b000 08:03 1047963                    /lib/x86_64-linux-gnu/libnss_nis-2.19.so
7f70a4d81000-7f70a4d98000 r-xp 00000000 08:03 1047952                    /lib/x86_64-linux-gnu/libnsl-2.19.so
7f70a4d98000-7f70a4f97000 ---p 00017000 08:03 1047952                    /lib/x86_64-linux-gnu/libnsl-2.19.so
7f70a4f97000-7f70a4f98000 r--p 00016000 08:03 1047952                    /lib/x86_64-linux-gnu/libnsl-2.19.so
7f70a4f98000-7f70a4f99000 rw-p 00017000 08:03 1047952                    /lib/x86_64-linux-gnu/libnsl-2.19.so
7f70a4f99000-7f70a4f9b000 rw-p 00000000 00:00 0 
7f70a4f9b000-7f70a4fa4000 r-xp 00000000 08:03 1047951                    /lib/x86_64-linux-gnu/libnss_compat-2.19.so
7f70a4fa4000-7f70a51a3000 ---p 00009000 08:03 1047951                    /lib/x86_64-linux-gnu/libnss_compat-2.19.so
7f70a51a3000-7f70a51a4000 r--p 00008000 08:03 1047951                    /lib/x86_64-linux-gnu/libnss_compat-2.19.so
7f70a51a4000-7f70a51a5000 rw-p 00009000 08:03 1047951                    /lib/x86_64-linux-gnu/libnss_compat-2.19.so
7f70a51a5000-7f70a51d0000 r-xp 00000000 08:03 1319729                    /usr/lib/jvm/java-7-openjdk-amd64/jre/lib/amd64/libjava.so
7f70a51d0000-7f70a53d0000 ---p 0002b000 08:03 1319729                    /usr/lib/jvm/java-7-openjdk-amd64/jre/lib/amd64/libjava.so
7f70a53d0000-7f70a53d1000 r--p 0002b000 08:03 1319729                    /usr/lib/jvm/java-7-openjdk-amd64/jre/lib/amd64/libjava.so
7f70a53d1000-7f70a53d3000 rw-p 0002c000 08:03 1319729                    /usr/lib/jvm/java-7-openjdk-amd64/jre/lib/amd64/libjava.so
7f70a53d3000-7f70a53e3000 r-xp 00000000 08:03 1319728                    /usr/lib/jvm/java-7-openjdk-amd64/jre/lib/amd64/libverify.so
7f70a53e3000-7f70a55e2000 ---p 00010000 08:03 1319728                    /usr/lib/jvm/java-7-openjdk-amd64/jre/lib/amd64/libverify.so
7f70a55e2000-7f70a55e4000 r--p 0000f000 08:03 1319728                    /usr/lib/jvm/java-7-openjdk-amd64/jre/lib/amd64/libverify.so
7f70a55e4000-7f70a55e5000 rw-p 00011000 08:03 1319728                    /usr/lib/jvm/java-7-openjdk-amd64/jre/lib/amd64/libverify.so
7f70a55e5000-7f70a55ec000 r-xp 00000000 08:03 1047960                    /lib/x86_64-linux-gnu/librt-2.19.so
7f70a55ec000-7f70a57eb000 ---p 00007000 08:03 1047960                    /lib/x86_64-linux-gnu/librt-2.19.so
7f70a57eb000-7f70a57ec000 r--p 00006000 08:03 1047960                    /lib/x86_64-linux-gnu/librt-2.19.so
7f70a57ec000-7f70a57ed000 rw-p 00007000 08:03 1047960                    /lib/x86_64-linux-gnu/librt-2.19.so
7f70a57ed000-7f70a5803000 r-xp 00000000 08:03 1047910                    /lib/x86_64-linux-gnu/libgcc_s.so.1
7f70a5803000-7f70a5a02000 ---p 00016000 08:03 1047910                    /lib/x86_64-linux-gnu/libgcc_s.so.1
7f70a5a02000-7f70a5a03000 rw-p 00015000 08:03 1047910                    /lib/x86_64-linux-gnu/libgcc_s.so.1
7f70a5a03000-7f70a5b08000 r-xp 00000000 08:03 1047937                    /lib/x86_64-linux-gnu/libm-2.19.so
7f70a5b08000-7f70a5d07000 ---p 00105000 08:03 1047937                    /lib/x86_64-linux-gnu/libm-2.19.so
7f70a5d07000-7f70a5d08000 r--p 00104000 08:03 1047937                    /lib/x86_64-linux-gnu/libm-2.19.so
7f70a5d08000-7f70a5d09000 rw-p 00105000 08:03 1047937                    /lib/x86_64-linux-gnu/libm-2.19.so
7f70a5d09000-7f70a5def000 r-xp 00000000 08:03 1317030                    /usr/lib/x86_64-linux-gnu/libstdc++.so.6.0.19
7f70a5def000-7f70a5fee000 ---p 000e6000 08:03 1317030                    /usr/lib/x86_64-linux-gnu/libstdc++.so.6.0.19
7f70a5fee000-7f70a5ff6000 r--p 000e5000 08:03 1317030                    /usr/lib/x86_64-linux-gnu/libstdc++.so.6.0.19
7f70a5ff6000-7f70a5ff8000 rw-p 000ed000 08:03 1317030                    /usr/lib/x86_64-linux-gnu/libstdc++.so.6.0.19
7f70a5ff8000-7f70a600d000 rw-p 00000000 00:00 0 
7f70a600d000-7f70a6b25000 r-xp 00000000 08:03 1319733                    /usr/lib/jvm/java-7-openjdk-amd64/jre/lib/amd64/server/libjvm.so
7f70a6b25000-7f70a6d25000 ---p 00b18000 08:03 1319733                    /usr/lib/jvm/java-7-openjdk-amd64/jre/lib/amd64/server/libjvm.so
7f70a6d25000-7f70a6dbf000 r--p 00b18000 08:03 1319733                    /usr/lib/jvm/java-7-openjdk-amd64/jre/lib/amd64/server/libjvm.so
7f70a6dbf000-7f70a6de2000 rw-p 00bb2000 08:03 1319733                    /usr/lib/jvm/java-7-openjdk-amd64/jre/lib/amd64/server/libjvm.so
7f70a6de2000-7f70a6e10000 rw-p 00000000 00:00 0 
7f70a6e10000-7f70a6e28000 r-xp 00000000 08:03 1050930                    /lib/x86_64-linux-gnu/libz.so.1.2.8
7f70a6e28000-7f70a7027000 ---p 00018000 08:03 1050930                    /lib/x86_64-linux-gnu/libz.so.1.2.8
7f70a7027000-7f70a7028000 r--p 00017000 08:03 1050930                    /lib/x86_64-linux-gnu/libz.so.1.2.8
7f70a7028000-7f70a7029000 rw-p 00018000 08:03 1050930                    /lib/x86_64-linux-gnu/libz.so.1.2.8
7f70a7029000-7f70a7042000 r-xp 00000000 08:03 1047958                    /lib/x86_64-linux-gnu/libpthread-2.19.so
7f70a7042000-7f70a7241000 ---p 00019000 08:03 1047958                    /lib/x86_64-linux-gnu/libpthread-2.19.so
7f70a7241000-7f70a7242000 r--p 00018000 08:03 1047958                    /lib/x86_64-linux-gnu/libpthread-2.19.so
7f70a7242000-7f70a7243000 rw-p 00019000 08:03 1047958                    /lib/x86_64-linux-gnu/libpthread-2.19.so
7f70a7243000-7f70a7247000 rw-p 00000000 00:00 0 
7f70a7247000-7f70a724a000 r-xp 00000000 08:03 1047945                    /lib/x86_64-linux-gnu/libdl-2.19.so
7f70a724a000-7f70a7449000 ---p 00003000 08:03 1047945                    /lib/x86_64-linux-gnu/libdl-2.19.so
7f70a7449000-7f70a744a000 r--p 00002000 08:03 1047945                    /lib/x86_64-linux-gnu/libdl-2.19.so
7f70a744a000-7f70a744b000 rw-p 00003000 08:03 1047945                    /lib/x86_64-linux-gnu/libdl-2.19.so
7f70a744b000-7f70a7606000 r-xp 00000000 08:03 1047957                    /lib/x86_64-linux-gnu/libc-2.19.so
7f70a7606000-7f70a7805000 ---p 001bb000 08:03 1047957                    /lib/x86_64-linux-gnu/libc-2.19.so
7f70a7805000-7f70a7809000 r--p 001ba000 08:03 1047957                    /lib/x86_64-linux-gnu/libc-2.19.so
7f70a7809000-7f70a780b000 rw-p 001be000 08:03 1047957                    /lib/x86_64-linux-gnu/libc-2.19.so
7f70a780b000-7f70a7810000 rw-p 00000000 00:00 0 
7f70a7810000-7f70a781d000 r-xp 00000000 08:03 1319712                    /usr/lib/jvm/java-7-openjdk-amd64/jre/lib/amd64/jli/libjli.so
7f70a781d000-7f70a7a1c000 ---p 0000d000 08:03 1319712                    /usr/lib/jvm/java-7-openjdk-amd64/jre/lib/amd64/jli/libjli.so
7f70a7a1c000-7f70a7a1d000 r--p 0000c000 08:03 1319712                    /usr/lib/jvm/java-7-openjdk-amd64/jre/lib/amd64/jli/libjli.so
7f70a7a1d000-7f70a7a1e000 rw-p 0000d000 08:03 1319712                    /usr/lib/jvm/java-7-openjdk-amd64/jre/lib/amd64/jli/libjli.so
7f70a7a1e000-7f70a7a41000 r-xp 00000000 08:03 1047954                    /lib/x86_64-linux-gnu/ld-2.19.so
7f70a7a52000-7f70a7a53000 rw-p 00000000 00:00 0 
7f70a7a53000-7f70a7a57000 r--s 0004d000 08:03 1319704                    /usr/lib/jvm/java-7-openjdk-amd64/jre/lib/jsse.jar
7f70a7a57000-7f70a7a61000 rw-p 00000000 00:00 0 
7f70a7a61000-7f70a7b17000 rw-p 00000000 00:00 0 
7f70a7b17000-7f70a7b1a000 ---p 00000000 00:00 0 
7f70a7b1a000-7f70a7c1e000 rw-p 00000000 00:00 0                          [stack:26931]
7f70a7c1e000-7f70a7c1f000 rw-p 00000000 00:00 0 
7f70a7c1f000-7f70a7c20000 r--s 00002000 08:03 1319694                    /usr/lib/jvm/java-7-openjdk-amd64/jre/lib/ext/dnsns.jar
7f70a7c20000-7f70a7c24000 r--s 0003c000 08:03 1319691                    /usr/lib/jvm/java-7-openjdk-amd64/jre/lib/ext/sunpkcs11.jar
7f70a7c24000-7f70a7c26000 r--s 0000d000 08:03 1308513                    /usr/lib/jvm/java-7-openjdk-amd64/jre/lib/ext/RXTXcomm.jar
7f70a7c26000-7f70a7c28000 r--s 00006000 08:03 1707748                    /usr/share/java/java-atk-wrapper.jar
7f70a7c28000-7f70a7c2c000 r--s 00034000 08:03 1319692                    /usr/lib/jvm/java-7-openjdk-amd64/jre/lib/ext/sunjce_provider.jar
7f70a7c2c000-7f70a7c2f000 r--s 00086000 08:03 1319695                    /usr/lib/jvm/java-7-openjdk-amd64/jre/lib/ext/localedata.jar
7f70a7c2f000-7f70a7c31000 r--s 00012000 08:03 1319693                    /usr/lib/jvm/java-7-openjdk-amd64/jre/lib/ext/zipfs.jar
7f70a7c31000-7f70a7c34000 r--s 0000f000 08:03 1319690                    /usr/lib/jvm/java-7-openjdk-amd64/jre/lib/ext/icedtea-sound.jar
7f70a7c34000-7f70a7c3c000 rw-s 00000000 08:03 915762                     /tmp/hsperfdata_ivan/26930
7f70a7c3c000-7f70a7c3d000 rw-p 00000000 00:00 0 
7f70a7c3d000-7f70a7c3e000 r--p 00000000 00:00 0 
7f70a7c3e000-7f70a7c40000 rw-p 00000000 00:00 0 
7f70a7c40000-7f70a7c41000 r--p 00022000 08:03 1047954                    /lib/x86_64-linux-gnu/ld-2.19.so
7f70a7c41000-7f70a7c42000 rw-p 00023000 08:03 1047954                    /lib/x86_64-linux-gnu/ld-2.19.so
7f70a7c42000-7f70a7c43000 rw-p 00000000 00:00 0 
7fffa62dd000-7fffa62fe000 rw-p 00000000 00:00 0                          [stack]
7fffa6379000-7fffa637b000 r-xp 00000000 00:00 0                          [vdso]
ffffffffff600000-ffffffffff601000 r-xp 00000000 00:00 0                  [vsyscall]

VM Arguments:
jvm_args: -Djava.library.path=./cimgs 
java_command: RpiServerMain
Launcher Type: SUN_STANDARD

Environment Variables:
PATH=/usr/local/sbin:/usr/local/bin:/usr/sbin:/usr/bin:/sbin:/bin:/usr/games:/usr/local/games
USERNAME=ivan
SHELL=/bin/bash
DISPLAY=:0

Signal Handlers:
SIGSEGV: [libjvm.so+0x94b4b0], sa_mask[0]=0x7ffbfeff, sa_flags=0x10000004
SIGBUS: [libjvm.so+0x94b4b0], sa_mask[0]=0x7ffbfeff, sa_flags=0x10000004
SIGFPE: [libjvm.so+0x7c3390], sa_mask[0]=0x7ffbfeff, sa_flags=0x10000004
SIGPIPE: [libjvm.so+0x7c3390], sa_mask[0]=0x7ffbfeff, sa_flags=0x10000004
SIGXFSZ: [libjvm.so+0x7c3390], sa_mask[0]=0x7ffbfeff, sa_flags=0x10000004
SIGILL: [libjvm.so+0x7c3390], sa_mask[0]=0x7ffbfeff, sa_flags=0x10000004
SIGUSR1: SIG_DFL, sa_mask[0]=0x00000000, sa_flags=0x00000000
SIGUSR2: [libjvm.so+0x7c3230], sa_mask[0]=0x00000000, sa_flags=0x10000004
SIGHUP: [libjvm.so+0x7c3410], sa_mask[0]=0x7ffbfeff, sa_flags=0x10000004
SIGINT: [libjvm.so+0x7c3410], sa_mask[0]=0x7ffbfeff, sa_flags=0x10000004
SIGTERM: [libjvm.so+0x7c3410], sa_mask[0]=0x7ffbfeff, sa_flags=0x10000004
SIGQUIT: [libjvm.so+0x7c3410], sa_mask[0]=0x7ffbfeff, sa_flags=0x10000004
SIGTRAP: SIG_DFL, sa_mask[0]=0x00000000, sa_flags=0x00000000


---------------  S Y S T E M  ---------------

OS:LinuxMint 17 (qiana)
uname:Linux 3.13.0-24-generic #47-Ubuntu SMP Fri May 2 23:30:00 UTC 2014 x86_64
libc:glibc 2.19 NPTL 2.19 
rlimit: STACK 8192k, CORE 0k, NPROC 61229, NOFILE 4096, AS infinity
load average:0,87 0,63 0,57

/proc/meminfo:
MemTotal:        7868540 kB
MemFree:         3734196 kB
Buffers:          108016 kB
Cached:          1387080 kB
SwapCached:        55104 kB
Active:          2137776 kB
Inactive:        1747620 kB
Active(anon):    1752488 kB
Inactive(anon):  1145864 kB
Active(file):     385288 kB
Inactive(file):   601756 kB
Unevictable:          16 kB
Mlocked:              16 kB
SwapTotal:      19529724 kB
SwapFree:       18976204 kB
Dirty:               224 kB
Writeback:             0 kB
AnonPages:       2363476 kB
Mapped:           444500 kB
Shmem:            508052 kB
Slab:             113228 kB
SReclaimable:      75096 kB
SUnreclaim:        38132 kB
KernelStack:        5016 kB
PageTables:        44776 kB
NFS_Unstable:          0 kB
Bounce:                0 kB
WritebackTmp:          0 kB
CommitLimit:    23463992 kB
Committed_AS:    7601220 kB
VmallocTotal:   34359738367 kB
VmallocUsed:      363048 kB
VmallocChunk:   34359307904 kB
HardwareCorrupted:     0 kB
AnonHugePages:   1204224 kB
HugePages_Total:       0
HugePages_Free:        0
HugePages_Rsvd:        0
HugePages_Surp:        0
Hugepagesize:       2048 kB
DirectMap4k:       74408 kB
DirectMap2M:     8001536 kB


CPU:total 2 (2 cores per cpu, 1 threads per core) family 6 model 58 stepping 9, cmov, cx8, fxsr, mmx, sse, sse2, sse3, ssse3, sse4.1, sse4.2, popcnt, erms, tsc, tscinvbit, tscinv

/proc/cpuinfo:
processor	: 0
vendor_id	: GenuineIntel
cpu family	: 6
model		: 58
model name	: Intel(R) Celeron(R) CPU G1610 @ 2.60GHz
stepping	: 9
microcode	: 0x12
cpu MHz		: 2600.000
cache size	: 2048 KB
physical id	: 0
siblings	: 2
core id		: 0
cpu cores	: 2
apicid		: 0
initial apicid	: 0
fpu		: yes
fpu_exception	: yes
cpuid level	: 13
wp		: yes
flags		: fpu vme de pse tsc msr pae mce cx8 apic sep mtrr pge mca cmov pat pse36 clflush dts acpi mmx fxsr sse sse2 ss ht tm pbe syscall nx rdtscp lm constant_tsc arch_perfmon pebs bts rep_good nopl xtopology nonstop_tsc aperfmperf eagerfpu pni pclmulqdq dtes64 monitor ds_cpl vmx est tm2 ssse3 cx16 xtpr pdcm pcid sse4_1 sse4_2 popcnt tsc_deadline_timer xsave lahf_lm arat epb xsaveopt pln pts dtherm tpr_shadow vnmi flexpriority ept vpid fsgsbase smep erms
bogomips	: 5200.40
clflush size	: 64
cache_alignment	: 64
address sizes	: 36 bits physical, 48 bits virtual
power management:

processor	: 1
vendor_id	: GenuineIntel
cpu family	: 6
model		: 58
model name	: Intel(R) Celeron(R) CPU G1610 @ 2.60GHz
stepping	: 9
microcode	: 0x12
cpu MHz		: 1600.000
cache size	: 2048 KB
physical id	: 0
siblings	: 2
core id		: 1
cpu cores	: 2
apicid		: 2
initial apicid	: 2
fpu		: yes
fpu_exception	: yes
cpuid level	: 13
wp		: yes
flags		: fpu vme de pse tsc msr pae mce cx8 apic sep mtrr pge mca cmov pat pse36 clflush dts acpi mmx fxsr sse sse2 ss ht tm pbe syscall nx rdtscp lm constant_tsc arch_perfmon pebs bts rep_good nopl xtopology nonstop_tsc aperfmperf eagerfpu pni pclmulqdq dtes64 monitor ds_cpl vmx est tm2 ssse3 cx16 xtpr pdcm pcid sse4_1 sse4_2 popcnt tsc_deadline_timer xsave lahf_lm arat epb xsaveopt pln pts dtherm tpr_shadow vnmi flexpriority ept vpid fsgsbase smep erms
bogomips	: 5200.40
clflush size	: 64
cache_alignment	: 64
address sizes	: 36 bits physical, 48 bits virtual
power management:



Memory: 4k page, physical 7868540k(3734196k free), swap 19529724k(18976204k free)

vm_info: OpenJDK 64-Bit Server VM (24.75-b04) for linux-amd64 JRE (1.7.0_75-b13), built on Jan 27 2015 00:38:59 by "buildd" with gcc 4.8.2

time: Sun Mar  1 10:20:19 2015
elapsed time: 0 seconds

